<?xml version="1.0" encoding="UTF-8"?>
<testng-results skipped="0" failed="0" ignored="0" total="6" passed="6">
  <reporter-output>
  </reporter-output>
  <suite name="Surefire suite" duration-ms="176" started-at="2020-12-01T13:59:44 MSK" finished-at="2020-12-01T13:59:44 MSK">
    <groups>
    </groups>
    <test name="Surefire test" duration-ms="176" started-at="2020-12-01T13:59:44 MSK" finished-at="2020-12-01T13:59:44 MSK">
      <class name="PlaneTest">
        <test-method status="PASS" signature="setUp()[pri:0, instance:PlaneTest@7f560810]" name="setUp" is-config="true" duration-ms="0" started-at="2020-12-01T13:59:44 MSK" finished-at="2020-12-01T13:59:44 MSK">
          <reporter-output>
          </reporter-output>
        </test-method> <!-- setUp -->
        <test-method status="PASS" signature="testGetModel()[pri:0, instance:PlaneTest@7f560810]" name="testGetModel" duration-ms="0" started-at="2020-12-01T13:59:44 MSK" finished-at="2020-12-01T13:59:44 MSK">
          <reporter-output>
          </reporter-output>
        </test-method> <!-- testGetModel -->
      </class> <!-- PlaneTest -->
      <class name="AirportTest">
        <test-method status="PASS" signature="setUp()[pri:0, instance:AirportTest@153f5a29]" name="setUp" is-config="true" duration-ms="152" started-at="2020-12-01T13:59:44 MSK" finished-at="2020-12-01T13:59:44 MSK">
          <reporter-output>
          </reporter-output>
        </test-method> <!-- setUp -->
        <test-method status="PASS" signature="testExperimentalPlanesHasClassificationLevelHigherThanUnclassified()[pri:0, instance:AirportTest@153f5a29]" name="testExperimentalPlanesHasClassificationLevelHigherThanUnclassified" duration-ms="3" started-at="2020-12-01T13:59:44 MSK" finished-at="2020-12-01T13:59:44 MSK">
          <reporter-output>
          </reporter-output>
        </test-method> <!-- testExperimentalPlanesHasClassificationLevelHigherThanUnclassified -->
        <test-method status="PASS" signature="testGetPassengerPlaneWithMaxCapacity()[pri:0, instance:AirportTest@153f5a29]" name="testGetPassengerPlaneWithMaxCapacity" duration-ms="1" started-at="2020-12-01T13:59:44 MSK" finished-at="2020-12-01T13:59:44 MSK">
          <reporter-output>
          </reporter-output>
        </test-method> <!-- testGetPassengerPlaneWithMaxCapacity -->
        <test-method status="PASS" signature="testHasAtLeastOneBomberInMilitaryPlanes()[pri:0, instance:AirportTest@153f5a29]" name="testHasAtLeastOneBomberInMilitaryPlanes" duration-ms="1" started-at="2020-12-01T13:59:44 MSK" finished-at="2020-12-01T13:59:44 MSK">
          <reporter-output>
          </reporter-output>
        </test-method> <!-- testHasAtLeastOneBomberInMilitaryPlanes -->
        <test-method status="PASS" signature="testHasAtLeastOneTransportInMilitaryPlanes()[pri:0, instance:AirportTest@153f5a29]" name="testHasAtLeastOneTransportInMilitaryPlanes" duration-ms="0" started-at="2020-12-01T13:59:44 MSK" finished-at="2020-12-01T13:59:44 MSK">
          <reporter-output>
          </reporter-output>
        </test-method> <!-- testHasAtLeastOneTransportInMilitaryPlanes -->
        <test-method status="PASS" signature="testSortByMaxLoadCapacity()[pri:0, instance:AirportTest@153f5a29]" name="testSortByMaxLoadCapacity" duration-ms="1" started-at="2020-12-01T13:59:44 MSK" finished-at="2020-12-01T13:59:44 MSK">
          <reporter-output>
          </reporter-output>
        </test-method> <!-- testSortByMaxLoadCapacity -->
      </class> <!-- AirportTest -->
    </test> <!-- Surefire test -->
  </suite> <!-- Surefire suite -->
</testng-results>
