<?xml version="1.0"?>
<!DOCTYPE coverage SYSTEM "http://cobertura.sourceforge.net/xml/coverage-04.dtd">

<coverage line-rate="0.4367816091954023" branch-rate="0.2391304347826087" lines-covered="38" lines-valid="87" branches-covered="11" branches-valid="46" complexity="2.04" version="2.1.1" timestamp="1606820386530">
	<sources>
		<source>--source</source>
		<source>C:/git/test/epam_testing/aircompany/Java/src/main/java</source>
	</sources>
	<packages>
		<package name="entity.model" line-rate="1.0" branch-rate="1.0" complexity="0.0">
			<classes>
				<class name="entity.model.ClassificationLevel" filename="entity/model/ClassificationLevel.java" line-rate="1.0" branch-rate="1.0" complexity="0.0">
					<methods>
						<method name="&lt;clinit&gt;" signature="()V" line-rate="1.0" branch-rate="1.0" complexity="0">
							<lines>
								<line number="3" hits="20" branch="false"/>
								<line number="4" hits="4" branch="false"/>
							</lines>
						</method>
						<method name="&lt;init&gt;" signature="(Ljava/lang/String;I)V" line-rate="1.0" branch-rate="1.0" complexity="0">
							<lines>
							</lines>
						</method>
						<method name="valueOf" signature="(Ljava/lang/String;)Lentity/model/ClassificationLevel;" line-rate="1.0" branch-rate="1.0" complexity="0">
							<lines>
							</lines>
						</method>
						<method name="values" signature="()[Lentity/model/ClassificationLevel;" line-rate="1.0" branch-rate="1.0" complexity="0">
							<lines>
							</lines>
						</method>
					</methods>
					<lines>
						<line number="3" hits="20" branch="false"/>
						<line number="4" hits="4" branch="false"/>
					</lines>
				</class>
				<class name="entity.model.ExperimentalType" filename="entity/model/ExperimentalType.java" line-rate="1.0" branch-rate="1.0" complexity="0.0">
					<methods>
						<method name="&lt;clinit&gt;" signature="()V" line-rate="1.0" branch-rate="1.0" complexity="0">
							<lines>
								<line number="3" hits="20" branch="false"/>
								<line number="4" hits="4" branch="false"/>
							</lines>
						</method>
						<method name="&lt;init&gt;" signature="(Ljava/lang/String;I)V" line-rate="1.0" branch-rate="1.0" complexity="0">
							<lines>
							</lines>
						</method>
						<method name="valueOf" signature="(Ljava/lang/String;)Lentity/model/ExperimentalType;" line-rate="1.0" branch-rate="1.0" complexity="0">
							<lines>
							</lines>
						</method>
						<method name="values" signature="()[Lentity/model/ExperimentalType;" line-rate="1.0" branch-rate="1.0" complexity="0">
							<lines>
							</lines>
						</method>
					</methods>
					<lines>
						<line number="3" hits="20" branch="false"/>
						<line number="4" hits="4" branch="false"/>
					</lines>
				</class>
				<class name="entity.model.MilitaryType" filename="entity/model/MilitaryType.java" line-rate="1.0" branch-rate="1.0" complexity="0.0">
					<methods>
						<method name="&lt;clinit&gt;" signature="()V" line-rate="1.0" branch-rate="1.0" complexity="0">
							<lines>
								<line number="3" hits="16" branch="false"/>
								<line number="4" hits="4" branch="false"/>
							</lines>
						</method>
						<method name="&lt;init&gt;" signature="(Ljava/lang/String;I)V" line-rate="1.0" branch-rate="1.0" complexity="0">
							<lines>
							</lines>
						</method>
						<method name="valueOf" signature="(Ljava/lang/String;)Lentity/model/MilitaryType;" line-rate="1.0" branch-rate="1.0" complexity="0">
							<lines>
							</lines>
						</method>
						<method name="values" signature="()[Lentity/model/MilitaryType;" line-rate="1.0" branch-rate="1.0" complexity="0">
							<lines>
							</lines>
						</method>
					</methods>
					<lines>
						<line number="3" hits="16" branch="false"/>
						<line number="4" hits="4" branch="false"/>
					</lines>
				</class>
			</classes>
		</package>
		<package name="entity.plane" line-rate="0.47058823529411764" branch-rate="0.2391304347826087" complexity="2.0833333333333335">
			<classes>
				<class name="entity.plane.ExperimentalPlane" filename="entity/plane/ExperimentalPlane.java" line-rate="0.21739130434782608" branch-rate="0.0" complexity="2.1666666666666665">
					<methods>
						<method name="&lt;init&gt;" signature="(Ljava/lang/String;IIILentity/model/ExperimentalType;Lentity/model/ClassificationLevel;)V" line-rate="1.0" branch-rate="1.0" complexity="0">
							<lines>
								<line number="13" hits="8" branch="false"/>
								<line number="14" hits="8" branch="false"/>
								<line number="15" hits="8" branch="false"/>
								<line number="16" hits="8" branch="false"/>
							</lines>
						</method>
						<method name="equals" signature="(Ljava/lang/Object;)Z" line-rate="0.0" branch-rate="0.0" complexity="0">
							<lines>
								<line number="32" hits="0" branch="true" condition-coverage="0% (0/2)">
									<conditions>
										<condition number="0" type="jump" coverage="0%"/>
									</conditions>
								</line>
								<line number="33" hits="0" branch="false"/>
								<line number="35" hits="0" branch="true" condition-coverage="0% (0/2)">
									<conditions>
										<condition number="0" type="jump" coverage="0%"/>
									</conditions>
								</line>
								<line number="36" hits="0" branch="true" condition-coverage="0% (0/2)">
									<conditions>
										<condition number="0" type="jump" coverage="0%"/>
									</conditions>
								</line>
								<line number="37" hits="0" branch="false"/>
								<line number="38" hits="0" branch="true" condition-coverage="0% (0/2)">
									<conditions>
										<condition number="0" type="jump" coverage="0%"/>
									</conditions>
								</line>
								<line number="39" hits="0" branch="true" condition-coverage="0% (0/2)">
									<conditions>
										<condition number="0" type="jump" coverage="0%"/>
									</conditions>
								</line>
								<line number="40" hits="0" branch="false"/>
								<line number="41" hits="0" branch="false"/>
								<line number="42" hits="0" branch="true" condition-coverage="0% (0/4)">
									<conditions>
										<condition number="0" type="jump" coverage="0%"/>
										<condition number="1" type="jump" coverage="0%"/>
									</conditions>
								</line>
								<line number="43" hits="0" branch="false"/>
								<line number="45" hits="0" branch="false"/>
								<line number="46" hits="0" branch="true" condition-coverage="0% (0/4)">
									<conditions>
										<condition number="0" type="jump" coverage="0%"/>
										<condition number="1" type="jump" coverage="0%"/>
									</conditions>
								</line>
							</lines>
						</method>
						<method name="getClassificationLevel" signature="()Lentity/model/ClassificationLevel;" line-rate="1.0" branch-rate="1.0" complexity="0">
							<lines>
								<line number="19" hits="8" branch="false"/>
							</lines>
						</method>
						<method name="getType" signature="()Lentity/model/ExperimentalType;" line-rate="0.0" branch-rate="1.0" complexity="0">
							<lines>
								<line number="23" hits="0" branch="false"/>
							</lines>
						</method>
						<method name="hashCode" signature="()I" line-rate="0.0" branch-rate="1.0" complexity="0">
							<lines>
								<line number="47" hits="0" branch="false"/>
								<line number="51" hits="0" branch="false"/>
							</lines>
						</method>
						<method name="toString" signature="()Ljava/lang/String;" line-rate="0.0" branch-rate="1.0" complexity="0">
							<lines>
								<line number="24" hits="0" branch="false"/>
								<line number="28" hits="0" branch="false"/>
							</lines>
						</method>
					</methods>
					<lines>
						<line number="13" hits="8" branch="false"/>
						<line number="14" hits="8" branch="false"/>
						<line number="15" hits="8" branch="false"/>
						<line number="16" hits="8" branch="false"/>
						<line number="19" hits="8" branch="false"/>
						<line number="23" hits="0" branch="false"/>
						<line number="24" hits="0" branch="false"/>
						<line number="28" hits="0" branch="false"/>
						<line number="32" hits="0" branch="true" condition-coverage="0% (0/2)">
							<conditions>
								<condition number="0" type="jump" coverage="0%"/>
							</conditions>
						</line>
						<line number="33" hits="0" branch="false"/>
						<line number="35" hits="0" branch="true" condition-coverage="0% (0/2)">
							<conditions>
								<condition number="0" type="jump" coverage="0%"/>
							</conditions>
						</line>
						<line number="36" hits="0" branch="true" condition-coverage="0% (0/2)">
							<conditions>
								<condition number="0" type="jump" coverage="0%"/>
							</conditions>
						</line>
						<line number="37" hits="0" branch="false"/>
						<line number="38" hits="0" branch="true" condition-coverage="0% (0/2)">
							<conditions>
								<condition number="0" type="jump" coverage="0%"/>
							</conditions>
						</line>
						<line number="39" hits="0" branch="true" condition-coverage="0% (0/2)">
							<conditions>
								<condition number="0" type="jump" coverage="0%"/>
							</conditions>
						</line>
						<line number="40" hits="0" branch="false"/>
						<line number="41" hits="0" branch="false"/>
						<line number="42" hits="0" branch="true" condition-coverage="0% (0/4)">
							<conditions>
								<condition number="0" type="jump" coverage="0%"/>
								<condition number="1" type="jump" coverage="0%"/>
							</conditions>
						</line>
						<line number="43" hits="0" branch="false"/>
						<line number="45" hits="0" branch="false"/>
						<line number="46" hits="0" branch="true" condition-coverage="0% (0/4)">
							<conditions>
								<condition number="0" type="jump" coverage="0%"/>
								<condition number="1" type="jump" coverage="0%"/>
							</conditions>
						</line>
						<line number="47" hits="0" branch="false"/>
						<line number="51" hits="0" branch="false"/>
					</lines>
				</class>
				<class name="entity.plane.MilitaryPlane" filename="entity/plane/MilitaryPlane.java" line-rate="0.2857142857142857" branch-rate="0.0" complexity="2.2">
					<methods>
						<method name="&lt;init&gt;" signature="(Ljava/lang/String;IIILentity/model/MilitaryType;)V" line-rate="1.0" branch-rate="1.0" complexity="0">
							<lines>
								<line number="11" hits="27" branch="false"/>
								<line number="12" hits="27" branch="false"/>
								<line number="13" hits="27" branch="false"/>
							</lines>
						</method>
						<method name="equals" signature="(Ljava/lang/Object;)Z" line-rate="0.0" branch-rate="0.0" complexity="0">
							<lines>
								<line number="28" hits="0" branch="true" condition-coverage="0% (0/2)">
									<conditions>
										<condition number="0" type="jump" coverage="0%"/>
									</conditions>
								</line>
								<line number="29" hits="0" branch="false"/>
								<line number="31" hits="0" branch="true" condition-coverage="0% (0/2)">
									<conditions>
										<condition number="0" type="jump" coverage="0%"/>
									</conditions>
								</line>
								<line number="32" hits="0" branch="false"/>
								<line number="34" hits="0" branch="true" condition-coverage="0% (0/2)">
									<conditions>
										<condition number="0" type="jump" coverage="0%"/>
									</conditions>
								</line>
								<line number="35" hits="0" branch="false"/>
								<line number="37" hits="0" branch="false"/>
								<line number="38" hits="0" branch="true" condition-coverage="0% (0/2)">
									<conditions>
										<condition number="0" type="jump" coverage="0%"/>
									</conditions>
								</line>
							</lines>
						</method>
						<method name="getType" signature="()Lentity/model/MilitaryType;" line-rate="1.0" branch-rate="1.0" complexity="0">
							<lines>
								<line number="16" hits="56" branch="false"/>
							</lines>
						</method>
						<method name="hashCode" signature="()I" line-rate="0.0" branch-rate="1.0" complexity="0">
							<lines>
								<line number="43" hits="0" branch="false"/>
							</lines>
						</method>
						<method name="toString" signature="()Ljava/lang/String;" line-rate="0.0" branch-rate="1.0" complexity="0">
							<lines>
								<line number="21" hits="0" branch="false"/>
							</lines>
						</method>
					</methods>
					<lines>
						<line number="11" hits="27" branch="false"/>
						<line number="12" hits="27" branch="false"/>
						<line number="13" hits="27" branch="false"/>
						<line number="16" hits="56" branch="false"/>
						<line number="21" hits="0" branch="false"/>
						<line number="28" hits="0" branch="true" condition-coverage="0% (0/2)">
							<conditions>
								<condition number="0" type="jump" coverage="0%"/>
							</conditions>
						</line>
						<line number="29" hits="0" branch="false"/>
						<line number="31" hits="0" branch="true" condition-coverage="0% (0/2)">
							<conditions>
								<condition number="0" type="jump" coverage="0%"/>
							</conditions>
						</line>
						<line number="32" hits="0" branch="false"/>
						<line number="34" hits="0" branch="true" condition-coverage="0% (0/2)">
							<conditions>
								<condition number="0" type="jump" coverage="0%"/>
							</conditions>
						</line>
						<line number="35" hits="0" branch="false"/>
						<line number="37" hits="0" branch="false"/>
						<line number="38" hits="0" branch="true" condition-coverage="0% (0/2)">
							<conditions>
								<condition number="0" type="jump" coverage="0%"/>
							</conditions>
						</line>
						<line number="43" hits="0" branch="false"/>
					</lines>
				</class>
				<class name="entity.plane.PassengerPlane" filename="entity/plane/PassengerPlane.java" line-rate="0.7142857142857143" branch-rate="0.625" complexity="2.2">
					<methods>
						<method name="&lt;init&gt;" signature="(Ljava/lang/String;IIII)V" line-rate="1.0" branch-rate="1.0" complexity="0">
							<lines>
								<line number="9" hits="36" branch="false"/>
								<line number="10" hits="36" branch="false"/>
								<line number="11" hits="36" branch="false"/>
							</lines>
						</method>
						<method name="equals" signature="(Ljava/lang/Object;)Z" line-rate="0.75" branch-rate="0.625" complexity="0">
							<lines>
								<line number="26" hits="8" branch="true" condition-coverage="100% (2/2)">
									<conditions>
										<condition number="0" type="jump" coverage="100%"/>
									</conditions>
								</line>
								<line number="27" hits="6" branch="false"/>
								<line number="29" hits="2" branch="true" condition-coverage="50% (1/2)">
									<conditions>
										<condition number="0" type="jump" coverage="50%"/>
									</conditions>
								</line>
								<line number="30" hits="0" branch="false"/>
								<line number="32" hits="2" branch="true" condition-coverage="50% (1/2)">
									<conditions>
										<condition number="0" type="jump" coverage="50%"/>
									</conditions>
								</line>
								<line number="33" hits="0" branch="false"/>
								<line number="35" hits="2" branch="false"/>
								<line number="36" hits="2" branch="true" condition-coverage="50% (1/2)">
									<conditions>
										<condition number="0" type="jump" coverage="50%"/>
									</conditions>
								</line>
							</lines>
						</method>
						<method name="getPassengersCapacity" signature="()I" line-rate="1.0" branch-rate="1.0" complexity="0">
							<lines>
								<line number="14" hits="56" branch="false"/>
							</lines>
						</method>
						<method name="hashCode" signature="()I" line-rate="0.0" branch-rate="1.0" complexity="0">
							<lines>
								<line number="41" hits="0" branch="false"/>
							</lines>
						</method>
						<method name="toString" signature="()Ljava/lang/String;" line-rate="0.0" branch-rate="1.0" complexity="0">
							<lines>
								<line number="19" hits="0" branch="false"/>
							</lines>
						</method>
					</methods>
					<lines>
						<line number="9" hits="36" branch="false"/>
						<line number="10" hits="36" branch="false"/>
						<line number="11" hits="36" branch="false"/>
						<line number="14" hits="56" branch="false"/>
						<line number="19" hits="0" branch="false"/>
						<line number="26" hits="8" branch="true" condition-coverage="100% (2/2)">
							<conditions>
								<condition number="0" type="jump" coverage="100%"/>
							</conditions>
						</line>
						<line number="27" hits="6" branch="false"/>
						<line number="29" hits="2" branch="true" condition-coverage="50% (1/2)">
							<conditions>
								<condition number="0" type="jump" coverage="50%"/>
							</conditions>
						</line>
						<line number="30" hits="0" branch="false"/>
						<line number="32" hits="2" branch="true" condition-coverage="50% (1/2)">
							<conditions>
								<condition number="0" type="jump" coverage="50%"/>
							</conditions>
						</line>
						<line number="33" hits="0" branch="false"/>
						<line number="35" hits="2" branch="false"/>
						<line number="36" hits="2" branch="true" condition-coverage="50% (1/2)">
							<conditions>
								<condition number="0" type="jump" coverage="50%"/>
							</conditions>
						</line>
						<line number="41" hits="0" branch="false"/>
					</lines>
				</class>
				<class name="entity.plane.Plane" filename="entity/plane/Plane.java" line-rate="0.7647058823529411" branch-rate="0.5" complexity="1.875">
					<methods>
						<method name="&lt;init&gt;" signature="(Ljava/lang/String;III)V" line-rate="1.0" branch-rate="1.0" complexity="0">
							<lines>
								<line number="11" hits="71" branch="false"/>
								<line number="12" hits="71" branch="false"/>
								<line number="13" hits="71" branch="false"/>
								<line number="14" hits="71" branch="false"/>
								<line number="15" hits="71" branch="false"/>
								<line number="16" hits="71" branch="false"/>
							</lines>
						</method>
						<method name="equals" signature="(Ljava/lang/Object;)Z" line-rate="1.0" branch-rate="0.5" complexity="0">
							<lines>
								<line number="46" hits="2" branch="true" condition-coverage="50% (1/2)">
									<conditions>
										<condition number="0" type="jump" coverage="50%"/>
									</conditions>
								</line>
								<line number="47" hits="2" branch="true" condition-coverage="50% (1/2)">
									<conditions>
										<condition number="0" type="jump" coverage="50%"/>
									</conditions>
								</line>
								<line number="48" hits="2" branch="false"/>
								<line number="49" hits="4" branch="true" condition-coverage="50% (3/6)">
									<conditions>
										<condition number="0" type="jump" coverage="50%"/>
										<condition number="1" type="jump" coverage="50%"/>
										<condition number="2" type="jump" coverage="50%"/>
									</conditions>
								</line>
								<line number="52" hits="2" branch="true" condition-coverage="50% (1/2)">
									<conditions>
										<condition number="0" type="jump" coverage="50%"/>
									</conditions>
								</line>
							</lines>
						</method>
						<method name="getMaxFlightDistance" signature="()I" line-rate="0.0" branch-rate="1.0" complexity="0">
							<lines>
								<line number="27" hits="0" branch="false"/>
							</lines>
						</method>
						<method name="getMaxLoadCapacity" signature="()I" line-rate="1.0" branch-rate="1.0" complexity="0">
							<lines>
								<line number="31" hits="1152" branch="false"/>
							</lines>
						</method>
						<method name="getMaxSpeed" signature="()I" line-rate="0.0" branch-rate="1.0" complexity="0">
							<lines>
								<line number="23" hits="0" branch="false"/>
							</lines>
						</method>
						<method name="getModel" signature="()Ljava/lang/String;" line-rate="1.0" branch-rate="1.0" complexity="0">
							<lines>
								<line number="19" hits="6" branch="false"/>
							</lines>
						</method>
						<method name="hashCode" signature="()I" line-rate="0.0" branch-rate="1.0" complexity="0">
							<lines>
								<line number="57" hits="0" branch="false"/>
							</lines>
						</method>
						<method name="toString" signature="()Ljava/lang/String;" line-rate="0.0" branch-rate="1.0" complexity="0">
							<lines>
								<line number="36" hits="0" branch="false"/>
							</lines>
						</method>
					</methods>
					<lines>
						<line number="11" hits="71" branch="false"/>
						<line number="12" hits="71" branch="false"/>
						<line number="13" hits="71" branch="false"/>
						<line number="14" hits="71" branch="false"/>
						<line number="15" hits="71" branch="false"/>
						<line number="16" hits="71" branch="false"/>
						<line number="19" hits="6" branch="false"/>
						<line number="23" hits="0" branch="false"/>
						<line number="27" hits="0" branch="false"/>
						<line number="31" hits="1152" branch="false"/>
						<line number="36" hits="0" branch="false"/>
						<line number="46" hits="2" branch="true" condition-coverage="50% (1/2)">
							<conditions>
								<condition number="0" type="jump" coverage="50%"/>
							</conditions>
						</line>
						<line number="47" hits="2" branch="true" condition-coverage="50% (1/2)">
							<conditions>
								<condition number="0" type="jump" coverage="50%"/>
							</conditions>
						</line>
						<line number="48" hits="2" branch="false"/>
						<line number="49" hits="4" branch="true" condition-coverage="50% (3/6)">
							<conditions>
								<condition number="0" type="jump" coverage="50%"/>
								<condition number="1" type="jump" coverage="50%"/>
								<condition number="2" type="jump" coverage="50%"/>
							</conditions>
						</line>
						<line number="52" hits="2" branch="true" condition-coverage="50% (1/2)">
							<conditions>
								<condition number="0" type="jump" coverage="50%"/>
							</conditions>
						</line>
						<line number="57" hits="0" branch="false"/>
					</lines>
				</class>
			</classes>
		</package>
		<package name="run" line-rate="0.0" branch-rate="1.0" complexity="1.0">
			<classes>
				<class name="run.Runner" filename="run/Runner.java" line-rate="0.0" branch-rate="1.0" complexity="1.0">
					<methods>
						<method name="&lt;clinit&gt;" signature="()V" line-rate="0.0" branch-rate="1.0" complexity="0">
							<lines>
								<line number="13" hits="0" branch="false"/>
							</lines>
						</method>
						<method name="&lt;init&gt;" signature="()V" line-rate="0.0" branch-rate="1.0" complexity="0">
							<lines>
								<line number="12" hits="0" branch="false"/>
							</lines>
						</method>
						<method name="main" signature="([Ljava/lang/String;)V" line-rate="0.0" branch-rate="1.0" complexity="0">
							<lines>
								<line number="31" hits="0" branch="false"/>
								<line number="32" hits="0" branch="false"/>
								<line number="33" hits="0" branch="false"/>
								<line number="34" hits="0" branch="false"/>
								<line number="35" hits="0" branch="false"/>
								<line number="36" hits="0" branch="false"/>
								<line number="37" hits="0" branch="false"/>
								<line number="38" hits="0" branch="false"/>
								<line number="39" hits="0" branch="false"/>
								<line number="41" hits="0" branch="false"/>
								<line number="42" hits="0" branch="false"/>
							</lines>
						</method>
					</methods>
					<lines>
						<line number="12" hits="0" branch="false"/>
						<line number="13" hits="0" branch="false"/>
						<line number="31" hits="0" branch="false"/>
						<line number="32" hits="0" branch="false"/>
						<line number="33" hits="0" branch="false"/>
						<line number="34" hits="0" branch="false"/>
						<line number="35" hits="0" branch="false"/>
						<line number="36" hits="0" branch="false"/>
						<line number="37" hits="0" branch="false"/>
						<line number="38" hits="0" branch="false"/>
						<line number="39" hits="0" branch="false"/>
						<line number="41" hits="0" branch="false"/>
						<line number="42" hits="0" branch="false"/>
					</lines>
				</class>
			</classes>
		</package>
	</packages>
</coverage>
