<?xml version="1.0" encoding="UTF-8"?>
<!-- Generated by org.testng.reporters.JUnitXMLReporter -->
<testsuite hostname="DESKTOP-R57DS8U" ignored="0" tests="6" failures="0" timestamp="2020-12-01T13:59:44 MSK" time="0.176" errors="0">
  <testcase name="testExperimentalPlanesHasClassificationLevelHigherThanUnclassified" time="0.003" classname="AirportTest"/>
  <testcase name="testGetPassengerPlaneWithMaxCapacity" time="0.001" classname="AirportTest"/>
  <testcase name="testHasAtLeastOneBomberInMilitaryPlanes" time="0.001" classname="AirportTest"/>
  <testcase name="testHasAtLeastOneTransportInMilitaryPlanes" time="0.0" classname="AirportTest"/>
  <testcase name="testSortByMaxLoadCapacity" time="0.001" classname="AirportTest"/>
  <testcase name="testGetModel" time="0.0" classname="PlaneTest"/>
</testsuite>
